{"D:\\Prog\\GitHub\\Node\\nodejs-rest-api\\app.js": {"path":"D:\\Prog\\GitHub\\Node\\nodejs-rest-api\\app.js","statementMap":{"0":{"start":{"line":1,"column":16},"end":{"line":1,"column":34}},"1":{"start":{"line":2,"column":15},"end":{"line":2,"column":32}},"2":{"start":{"line":3,"column":15},"end":{"line":3,"column":32}},"3":{"start":{"line":4,"column":18},"end":{"line":4,"column":47}},"4":{"start":{"line":5,"column":13},"end":{"line":5,"column":28}},"5":{"start":{"line":6,"column":19},"end":{"line":6,"column":51}},"6":{"start":{"line":8,"column":23},"end":{"line":8,"column":51}},"7":{"start":{"line":9,"column":20},"end":{"line":9,"column":45}},"8":{"start":{"line":11,"column":12},"end":{"line":11,"column":21}},"9":{"start":{"line":13,"column":22},"end":{"line":13,"column":72}},"10":{"start":{"line":15,"column":16},"end":{"line":25,"column":2}},"11":{"start":{"line":19,"column":4},"end":{"line":23,"column":7}},"12":{"start":{"line":27,"column":0},"end":{"line":27,"column":18}},"13":{"start":{"line":28,"column":0},"end":{"line":28,"column":60}},"14":{"start":{"line":29,"column":0},"end":{"line":29,"column":34}},"15":{"start":{"line":30,"column":0},"end":{"line":30,"column":17}},"16":{"start":{"line":31,"column":0},"end":{"line":38,"column":2}},"17":{"start":{"line":39,"column":0},"end":{"line":39,"column":41}},"18":{"start":{"line":40,"column":0},"end":{"line":40,"column":22}},"19":{"start":{"line":42,"column":0},"end":{"line":42,"column":41}},"20":{"start":{"line":43,"column":0},"end":{"line":43,"column":35}},"21":{"start":{"line":45,"column":0},"end":{"line":47,"column":3}},"22":{"start":{"line":46,"column":2},"end":{"line":46,"column":49}},"23":{"start":{"line":49,"column":0},"end":{"line":56,"column":3}},"24":{"start":{"line":50,"column":17},"end":{"line":50,"column":34}},"25":{"start":{"line":51,"column":2},"end":{"line":55,"column":5}},"26":{"start":{"line":58,"column":0},"end":{"line":58,"column":21}}},"fnMap":{"0":{"name":"(anonymous_0)","decl":{"start":{"line":18,"column":11},"end":{"line":18,"column":12}},"loc":{"start":{"line":18,"column":31},"end":{"line":24,"column":3}},"line":18},"1":{"name":"(anonymous_1)","decl":{"start":{"line":45,"column":8},"end":{"line":45,"column":9}},"loc":{"start":{"line":45,"column":22},"end":{"line":47,"column":1}},"line":45},"2":{"name":"(anonymous_2)","decl":{"start":{"line":49,"column":8},"end":{"line":49,"column":9}},"loc":{"start":{"line":49,"column":33},"end":{"line":56,"column":1}},"line":49}},"branchMap":{"0":{"loc":{"start":{"line":13,"column":22},"end":{"line":13,"column":72}},"type":"cond-expr","locations":[{"start":{"line":13,"column":57},"end":{"line":13,"column":62}},{"start":{"line":13,"column":65},"end":{"line":13,"column":72}}],"line":13},"1":{"loc":{"start":{"line":28,"column":0},"end":{"line":28,"column":59}},"type":"binary-expr","locations":[{"start":{"line":28,"column":0},"end":{"line":28,"column":25}},{"start":{"line":28,"column":29},"end":{"line":28,"column":59}}],"line":28},"2":{"loc":{"start":{"line":50,"column":17},"end":{"line":50,"column":34}},"type":"binary-expr","locations":[{"start":{"line":50,"column":17},"end":{"line":50,"column":27}},{"start":{"line":50,"column":31},"end":{"line":50,"column":34}}],"line":50},"3":{"loc":{"start":{"line":52,"column":12},"end":{"line":52,"column":45}},"type":"cond-expr","locations":[{"start":{"line":52,"column":29},"end":{"line":52,"column":35}},{"start":{"line":52,"column":38},"end":{"line":52,"column":45}}],"line":52}},"s":{"0":1,"1":1,"2":1,"3":1,"4":1,"5":1,"6":1,"7":1,"8":1,"9":1,"10":1,"11":0,"12":1,"13":1,"14":1,"15":1,"16":1,"17":1,"18":1,"19":1,"20":1,"21":1,"22":0,"23":1,"24":6,"25":6,"26":1},"f":{"0":0,"1":0,"2":6},"b":{"0":[0,1],"1":[1,0],"2":[6,0],"3":[0,6]},"_coverageSchema":"1a1c01bbd47fc00a2c39e90264f33305004495a9","hash":"49793be4e791f025abd3d22f1bae2623b213b796"}
,"D:\\Prog\\GitHub\\Node\\nodejs-rest-api\\config\\passport.js": {"path":"D:\\Prog\\GitHub\\Node\\nodejs-rest-api\\config\\passport.js","statementMap":{"0":{"start":{"line":1,"column":17},"end":{"line":1,"column":36}},"1":{"start":{"line":2,"column":33},"end":{"line":2,"column":56}},"2":{"start":{"line":3,"column":14},"end":{"line":3,"column":39}},"3":{"start":{"line":5,"column":0},"end":{"line":5,"column":27}},"4":{"start":{"line":6,"column":23},"end":{"line":6,"column":49}},"5":{"start":{"line":8,"column":13},"end":{"line":11,"column":1}},"6":{"start":{"line":13,"column":0},"end":{"line":28,"column":2}},"7":{"start":{"line":15,"column":4},"end":{"line":26,"column":5}},"8":{"start":{"line":16,"column":19},"end":{"line":16,"column":51}},"9":{"start":{"line":17,"column":6},"end":{"line":19,"column":7}},"10":{"start":{"line":18,"column":8},"end":{"line":18,"column":56}},"11":{"start":{"line":20,"column":6},"end":{"line":22,"column":7}},"12":{"start":{"line":21,"column":8},"end":{"line":21,"column":33}},"13":{"start":{"line":23,"column":6},"end":{"line":23,"column":30}},"14":{"start":{"line":25,"column":6},"end":{"line":25,"column":30}}},"fnMap":{"0":{"name":"(anonymous_0)","decl":{"start":{"line":14,"column":21},"end":{"line":14,"column":22}},"loc":{"start":{"line":14,"column":46},"end":{"line":27,"column":3}},"line":14}},"branchMap":{"0":{"loc":{"start":{"line":17,"column":6},"end":{"line":19,"column":7}},"type":"if","locations":[{"start":{"line":17,"column":6},"end":{"line":19,"column":7}},{"start":{"line":17,"column":6},"end":{"line":19,"column":7}}],"line":17},"1":{"loc":{"start":{"line":20,"column":6},"end":{"line":22,"column":7}},"type":"if","locations":[{"start":{"line":20,"column":6},"end":{"line":22,"column":7}},{"start":{"line":20,"column":6},"end":{"line":22,"column":7}}],"line":20}},"s":{"0":2,"1":2,"2":2,"3":2,"4":2,"5":2,"6":2,"7":16,"8":16,"9":16,"10":0,"11":16,"12":0,"13":16,"14":0},"f":{"0":16},"b":{"0":[0,16],"1":[0,16]},"_coverageSchema":"1a1c01bbd47fc00a2c39e90264f33305004495a9","hash":"cd39102532cc7288fa86a9c3cc69aeb6ae339ed8"}
,"D:\\Prog\\GitHub\\Node\\nodejs-rest-api\\controllers\\contacts.js": {"path":"D:\\Prog\\GitHub\\Node\\nodejs-rest-api\\controllers\\contacts.js","statementMap":{"0":{"start":{"line":1,"column":17},"end":{"line":1,"column":45}},"1":{"start":{"line":8,"column":15},"end":{"line":20,"column":1}},"2":{"start":{"line":9,"column":2},"end":{"line":19,"column":3}},"3":{"start":{"line":10,"column":19},"end":{"line":10,"column":31}},"4":{"start":{"line":11,"column":21},"end":{"line":11,"column":67}},"5":{"start":{"line":12,"column":4},"end":{"line":16,"column":7}},"6":{"start":{"line":18,"column":4},"end":{"line":18,"column":16}},"7":{"start":{"line":30,"column":16},"end":{"line":52,"column":1}},"8":{"start":{"line":31,"column":2},"end":{"line":51,"column":3}},"9":{"start":{"line":32,"column":19},"end":{"line":32,"column":31}},"10":{"start":{"line":33,"column":20},"end":{"line":33,"column":79}},"11":{"start":{"line":34,"column":4},"end":{"line":48,"column":5}},"12":{"start":{"line":35,"column":6},"end":{"line":41,"column":9}},"13":{"start":{"line":43,"column":6},"end":{"line":47,"column":9}},"14":{"start":{"line":50,"column":4},"end":{"line":50,"column":16}},"15":{"start":{"line":62,"column":15},"end":{"line":76,"column":1}},"16":{"start":{"line":63,"column":2},"end":{"line":75,"column":3}},"17":{"start":{"line":64,"column":19},"end":{"line":64,"column":31}},"18":{"start":{"line":65,"column":21},"end":{"line":65,"column":64}},"19":{"start":{"line":66,"column":4},"end":{"line":72,"column":7}},"20":{"start":{"line":74,"column":4},"end":{"line":74,"column":16}},"21":{"start":{"line":85,"column":15},"end":{"line":107,"column":1}},"22":{"start":{"line":86,"column":2},"end":{"line":106,"column":3}},"23":{"start":{"line":87,"column":19},"end":{"line":87,"column":31}},"24":{"start":{"line":88,"column":20},"end":{"line":88,"column":78}},"25":{"start":{"line":89,"column":4},"end":{"line":103,"column":5}},"26":{"start":{"line":90,"column":6},"end":{"line":96,"column":9}},"27":{"start":{"line":98,"column":6},"end":{"line":102,"column":9}},"28":{"start":{"line":105,"column":4},"end":{"line":105,"column":16}},"29":{"start":{"line":117,"column":21},"end":{"line":143,"column":1}},"30":{"start":{"line":118,"column":2},"end":{"line":142,"column":3}},"31":{"start":{"line":119,"column":19},"end":{"line":119,"column":31}},"32":{"start":{"line":120,"column":20},"end":{"line":124,"column":5}},"33":{"start":{"line":125,"column":4},"end":{"line":139,"column":5}},"34":{"start":{"line":126,"column":6},"end":{"line":132,"column":9}},"35":{"start":{"line":134,"column":6},"end":{"line":138,"column":9}},"36":{"start":{"line":141,"column":4},"end":{"line":141,"column":16}},"37":{"start":{"line":152,"column":15},"end":{"line":178,"column":1}},"38":{"start":{"line":153,"column":2},"end":{"line":177,"column":3}},"39":{"start":{"line":154,"column":19},"end":{"line":154,"column":31}},"40":{"start":{"line":155,"column":20},"end":{"line":159,"column":5}},"41":{"start":{"line":160,"column":4},"end":{"line":174,"column":5}},"42":{"start":{"line":161,"column":6},"end":{"line":167,"column":9}},"43":{"start":{"line":169,"column":6},"end":{"line":173,"column":9}},"44":{"start":{"line":176,"column":4},"end":{"line":176,"column":16}},"45":{"start":{"line":180,"column":0},"end":{"line":187,"column":2}}},"fnMap":{"0":{"name":"(anonymous_0)","decl":{"start":{"line":8,"column":15},"end":{"line":8,"column":16}},"loc":{"start":{"line":8,"column":41},"end":{"line":20,"column":1}},"line":8},"1":{"name":"(anonymous_1)","decl":{"start":{"line":30,"column":16},"end":{"line":30,"column":17}},"loc":{"start":{"line":30,"column":42},"end":{"line":52,"column":1}},"line":30},"2":{"name":"(anonymous_2)","decl":{"start":{"line":62,"column":15},"end":{"line":62,"column":16}},"loc":{"start":{"line":62,"column":41},"end":{"line":76,"column":1}},"line":62},"3":{"name":"(anonymous_3)","decl":{"start":{"line":85,"column":15},"end":{"line":85,"column":16}},"loc":{"start":{"line":85,"column":41},"end":{"line":107,"column":1}},"line":85},"4":{"name":"(anonymous_4)","decl":{"start":{"line":117,"column":21},"end":{"line":117,"column":22}},"loc":{"start":{"line":117,"column":47},"end":{"line":143,"column":1}},"line":117},"5":{"name":"(anonymous_5)","decl":{"start":{"line":152,"column":15},"end":{"line":152,"column":16}},"loc":{"start":{"line":152,"column":41},"end":{"line":178,"column":1}},"line":152}},"branchMap":{"0":{"loc":{"start":{"line":34,"column":4},"end":{"line":48,"column":5}},"type":"if","locations":[{"start":{"line":34,"column":4},"end":{"line":48,"column":5}},{"start":{"line":34,"column":4},"end":{"line":48,"column":5}}],"line":34},"1":{"loc":{"start":{"line":89,"column":4},"end":{"line":103,"column":5}},"type":"if","locations":[{"start":{"line":89,"column":4},"end":{"line":103,"column":5}},{"start":{"line":89,"column":4},"end":{"line":103,"column":5}}],"line":89},"2":{"loc":{"start":{"line":125,"column":4},"end":{"line":139,"column":5}},"type":"if","locations":[{"start":{"line":125,"column":4},"end":{"line":139,"column":5}},{"start":{"line":125,"column":4},"end":{"line":139,"column":5}}],"line":125},"3":{"loc":{"start":{"line":160,"column":4},"end":{"line":174,"column":5}},"type":"if","locations":[{"start":{"line":160,"column":4},"end":{"line":174,"column":5}},{"start":{"line":160,"column":4},"end":{"line":174,"column":5}}],"line":160}},"s":{"0":1,"1":1,"2":1,"3":1,"4":1,"5":1,"6":0,"7":1,"8":2,"9":2,"10":2,"11":2,"12":1,"13":1,"14":0,"15":1,"16":1,"17":1,"18":1,"19":1,"20":0,"21":1,"22":2,"23":2,"24":2,"25":2,"26":1,"27":1,"28":0,"29":1,"30":2,"31":2,"32":2,"33":2,"34":1,"35":1,"36":0,"37":1,"38":2,"39":2,"40":2,"41":2,"42":1,"43":1,"44":0,"45":1},"f":{"0":1,"1":2,"2":1,"3":2,"4":2,"5":2},"b":{"0":[1,1],"1":[1,1],"2":[1,1],"3":[1,1]},"_coverageSchema":"1a1c01bbd47fc00a2c39e90264f33305004495a9","hash":"aac3485bec7f115ae2a599f8aadb42e465133eca"}
,"D:\\Prog\\GitHub\\Node\\nodejs-rest-api\\controllers\\users.js": {"path":"D:\\Prog\\GitHub\\Node\\nodejs-rest-api\\controllers\\users.js","statementMap":{"0":{"start":{"line":1,"column":13},"end":{"line":1,"column":28}},"1":{"start":{"line":2,"column":11},"end":{"line":2,"column":33}},"2":{"start":{"line":3,"column":13},"end":{"line":3,"column":28}},"3":{"start":{"line":4,"column":19},"end":{"line":4,"column":43}},"4":{"start":{"line":5,"column":22},"end":{"line":5,"column":37}},"5":{"start":{"line":6,"column":14},"end":{"line":6,"column":39}},"6":{"start":{"line":7,"column":21},"end":{"line":7,"column":51}},"7":{"start":{"line":8,"column":12},"end":{"line":8,"column":35}},"8":{"start":{"line":9,"column":0},"end":{"line":9,"column":27}},"9":{"start":{"line":10,"column":23},"end":{"line":10,"column":49}},"10":{"start":{"line":12,"column":0},"end":{"line":16,"column":3}},"11":{"start":{"line":17,"column":22},"end":{"line":17,"column":59}},"12":{"start":{"line":19,"column":12},"end":{"line":44,"column":1}},"13":{"start":{"line":20,"column":20},"end":{"line":20,"column":28}},"14":{"start":{"line":21,"column":15},"end":{"line":21,"column":45}},"15":{"start":{"line":22,"column":2},"end":{"line":28,"column":3}},"16":{"start":{"line":23,"column":4},"end":{"line":27,"column":7}},"17":{"start":{"line":29,"column":2},"end":{"line":43,"column":3}},"18":{"start":{"line":30,"column":20},"end":{"line":30,"column":48}},"19":{"start":{"line":31,"column":4},"end":{"line":40,"column":7}},"20":{"start":{"line":42,"column":4},"end":{"line":42,"column":12}},"21":{"start":{"line":46,"column":14},"end":{"line":65,"column":1}},"22":{"start":{"line":47,"column":30},"end":{"line":47,"column":38}},"23":{"start":{"line":48,"column":15},"end":{"line":48,"column":45}},"24":{"start":{"line":49,"column":26},"end":{"line":49,"column":61}},"25":{"start":{"line":50,"column":2},"end":{"line":56,"column":3}},"26":{"start":{"line":51,"column":4},"end":{"line":55,"column":7}},"27":{"start":{"line":57,"column":18},"end":{"line":57,"column":33}},"28":{"start":{"line":58,"column":16},"end":{"line":58,"column":70}},"29":{"start":{"line":59,"column":2},"end":{"line":59,"column":42}},"30":{"start":{"line":60,"column":2},"end":{"line":64,"column":5}},"31":{"start":{"line":67,"column":15},"end":{"line":71,"column":1}},"32":{"start":{"line":68,"column":13},"end":{"line":68,"column":25}},"33":{"start":{"line":69,"column":2},"end":{"line":69,"column":36}},"34":{"start":{"line":70,"column":2},"end":{"line":70,"column":50}},"35":{"start":{"line":73,"column":27},"end":{"line":85,"column":1}},"36":{"start":{"line":74,"column":13},"end":{"line":74,"column":25}},"37":{"start":{"line":75,"column":23},"end":{"line":75,"column":44}},"38":{"start":{"line":77,"column":2},"end":{"line":77,"column":48}},"39":{"start":{"line":78,"column":21},"end":{"line":78,"column":45}},"40":{"start":{"line":80,"column":2},"end":{"line":84,"column":5}},"41":{"start":{"line":87,"column":16},"end":{"line":99,"column":1}},"42":{"start":{"line":88,"column":13},"end":{"line":88,"column":25}},"43":{"start":{"line":89,"column":45},"end":{"line":89,"column":69}},"44":{"start":{"line":90,"column":2},"end":{"line":98,"column":5}},"45":{"start":{"line":101,"column":16},"end":{"line":109,"column":1}},"46":{"start":{"line":102,"column":2},"end":{"line":108,"column":5}},"47":{"start":{"line":110,"column":21},"end":{"line":118,"column":1}},"48":{"start":{"line":111,"column":2},"end":{"line":117,"column":5}},"49":{"start":{"line":120,"column":21},"end":{"line":143,"column":1}},"50":{"start":{"line":121,"column":17},"end":{"line":121,"column":25}},"51":{"start":{"line":122,"column":2},"end":{"line":130,"column":3}},"52":{"start":{"line":123,"column":4},"end":{"line":129,"column":9}},"53":{"start":{"line":137,"column":39},"end":{"line":137,"column":71}},"54":{"start":{"line":138,"column":2},"end":{"line":138,"column":57}},"55":{"start":{"line":140,"column":2},"end":{"line":142,"column":73}},"56":{"start":{"line":146,"column":23},"end":{"line":170,"column":1}},"57":{"start":{"line":147,"column":25},"end":{"line":147,"column":51}},"58":{"start":{"line":148,"column":19},"end":{"line":148,"column":32}},"59":{"start":{"line":149,"column":24},"end":{"line":149,"column":75}},"60":{"start":{"line":150,"column":14},"end":{"line":150,"column":39}},"61":{"start":{"line":151,"column":2},"end":{"line":154,"column":26}},"62":{"start":{"line":155,"column":2},"end":{"line":162,"column":3}},"63":{"start":{"line":156,"column":4},"end":{"line":159,"column":6}},"64":{"start":{"line":161,"column":4},"end":{"line":161,"column":27}},"65":{"start":{"line":165,"column":20},"end":{"line":165,"column":38}},"66":{"start":{"line":166,"column":2},"end":{"line":168,"column":3}},"67":{"start":{"line":167,"column":4},"end":{"line":167,"column":67}},"68":{"start":{"line":169,"column":2},"end":{"line":169,"column":69}},"69":{"start":{"line":172,"column":30},"end":{"line":184,"column":1}},"70":{"start":{"line":173,"column":19},"end":{"line":173,"column":32}},"71":{"start":{"line":177,"column":6},"end":{"line":181,"column":4}},"72":{"start":{"line":182,"column":2},"end":{"line":182,"column":28}},"73":{"start":{"line":183,"column":2},"end":{"line":183,"column":38}},"74":{"start":{"line":186,"column":0},"end":{"line":195,"column":2}}},"fnMap":{"0":{"name":"(anonymous_0)","decl":{"start":{"line":19,"column":12},"end":{"line":19,"column":13}},"loc":{"start":{"line":19,"column":38},"end":{"line":44,"column":1}},"line":19},"1":{"name":"(anonymous_1)","decl":{"start":{"line":46,"column":14},"end":{"line":46,"column":15}},"loc":{"start":{"line":46,"column":40},"end":{"line":65,"column":1}},"line":46},"2":{"name":"(anonymous_2)","decl":{"start":{"line":67,"column":15},"end":{"line":67,"column":16}},"loc":{"start":{"line":67,"column":41},"end":{"line":71,"column":1}},"line":67},"3":{"name":"(anonymous_3)","decl":{"start":{"line":73,"column":27},"end":{"line":73,"column":28}},"loc":{"start":{"line":73,"column":53},"end":{"line":85,"column":1}},"line":73},"4":{"name":"(anonymous_4)","decl":{"start":{"line":87,"column":16},"end":{"line":87,"column":17}},"loc":{"start":{"line":87,"column":42},"end":{"line":99,"column":1}},"line":87},"5":{"name":"(anonymous_5)","decl":{"start":{"line":101,"column":16},"end":{"line":101,"column":17}},"loc":{"start":{"line":101,"column":42},"end":{"line":109,"column":1}},"line":101},"6":{"name":"(anonymous_6)","decl":{"start":{"line":110,"column":21},"end":{"line":110,"column":22}},"loc":{"start":{"line":110,"column":47},"end":{"line":118,"column":1}},"line":110},"7":{"name":"(anonymous_7)","decl":{"start":{"line":120,"column":21},"end":{"line":120,"column":22}},"loc":{"start":{"line":120,"column":47},"end":{"line":143,"column":1}},"line":120},"8":{"name":"(anonymous_8)","decl":{"start":{"line":146,"column":23},"end":{"line":146,"column":24}},"loc":{"start":{"line":146,"column":38},"end":{"line":170,"column":1}},"line":146},"9":{"name":"(anonymous_9)","decl":{"start":{"line":172,"column":30},"end":{"line":172,"column":31}},"loc":{"start":{"line":172,"column":45},"end":{"line":184,"column":1}},"line":172}},"branchMap":{"0":{"loc":{"start":{"line":22,"column":2},"end":{"line":28,"column":3}},"type":"if","locations":[{"start":{"line":22,"column":2},"end":{"line":28,"column":3}},{"start":{"line":22,"column":2},"end":{"line":28,"column":3}}],"line":22},"1":{"loc":{"start":{"line":50,"column":2},"end":{"line":56,"column":3}},"type":"if","locations":[{"start":{"line":50,"column":2},"end":{"line":56,"column":3}},{"start":{"line":50,"column":2},"end":{"line":56,"column":3}}],"line":50},"2":{"loc":{"start":{"line":50,"column":6},"end":{"line":50,"column":31}},"type":"binary-expr","locations":[{"start":{"line":50,"column":6},"end":{"line":50,"column":11}},{"start":{"line":50,"column":15},"end":{"line":50,"column":31}}],"line":50},"3":{"loc":{"start":{"line":122,"column":2},"end":{"line":130,"column":3}},"type":"if","locations":[{"start":{"line":122,"column":2},"end":{"line":130,"column":3}},{"start":{"line":122,"column":2},"end":{"line":130,"column":3}}],"line":122},"4":{"loc":{"start":{"line":166,"column":2},"end":{"line":168,"column":3}},"type":"if","locations":[{"start":{"line":166,"column":2},"end":{"line":168,"column":3}},{"start":{"line":166,"column":2},"end":{"line":168,"column":3}}],"line":166}},"s":{"0":1,"1":1,"2":1,"3":1,"4":1,"5":1,"6":1,"7":1,"8":1,"9":1,"10":1,"11":1,"12":1,"13":0,"14":0,"15":0,"16":0,"17":0,"18":0,"19":0,"20":0,"21":1,"22":0,"23":0,"24":0,"25":0,"26":0,"27":0,"28":0,"29":0,"30":0,"31":1,"32":0,"33":0,"34":0,"35":1,"36":0,"37":0,"38":0,"39":0,"40":0,"41":1,"42":0,"43":0,"44":0,"45":1,"46":0,"47":1,"48":0,"49":1,"50":0,"51":0,"52":0,"53":0,"54":0,"55":0,"56":1,"57":0,"58":0,"59":0,"60":0,"61":0,"62":0,"63":0,"64":0,"65":0,"66":0,"67":0,"68":0,"69":1,"70":0,"71":0,"72":0,"73":0,"74":1},"f":{"0":0,"1":0,"2":0,"3":0,"4":0,"5":0,"6":0,"7":0,"8":0,"9":0},"b":{"0":[0,0],"1":[0,0],"2":[0,0],"3":[0,0],"4":[0,0]},"_coverageSchema":"1a1c01bbd47fc00a2c39e90264f33305004495a9","hash":"a9423ff76eaaa11097d83b7f960a9aaa4676640d"}
,"D:\\Prog\\GitHub\\Node\\nodejs-rest-api\\helper\\constants.js": {"path":"D:\\Prog\\GitHub\\Node\\nodejs-rest-api\\helper\\constants.js","statementMap":{"0":{"start":{"line":1,"column":21},"end":{"line":5,"column":1}},"1":{"start":{"line":7,"column":17},"end":{"line":16,"column":1}},"2":{"start":{"line":18,"column":0},"end":{"line":21,"column":2}}},"fnMap":{},"branchMap":{},"s":{"0":3,"1":3,"2":3},"f":{},"b":{},"_coverageSchema":"1a1c01bbd47fc00a2c39e90264f33305004495a9","hash":"8372b6f8f966c358404c30de4909749c370fbc60"}
,"D:\\Prog\\GitHub\\Node\\nodejs-rest-api\\helper\\guard.js": {"path":"D:\\Prog\\GitHub\\Node\\nodejs-rest-api\\helper\\guard.js","statementMap":{"0":{"start":{"line":1,"column":17},"end":{"line":1,"column":36}},"1":{"start":{"line":2,"column":21},"end":{"line":2,"column":43}},"2":{"start":{"line":3,"column":0},"end":{"line":3,"column":30}},"3":{"start":{"line":5,"column":14},"end":{"line":23,"column":1}},"4":{"start":{"line":6,"column":2},"end":{"line":22,"column":21}},"5":{"start":{"line":7,"column":16},"end":{"line":7,"column":20}},"6":{"start":{"line":8,"column":4},"end":{"line":10,"column":5}},"7":{"start":{"line":9,"column":6},"end":{"line":9,"column":53}},"8":{"start":{"line":11,"column":4},"end":{"line":17,"column":5}},"9":{"start":{"line":12,"column":6},"end":{"line":16,"column":9}},"10":{"start":{"line":20,"column":4},"end":{"line":20,"column":20}},"11":{"start":{"line":21,"column":4},"end":{"line":21,"column":18}},"12":{"start":{"line":25,"column":0},"end":{"line":25,"column":23}}},"fnMap":{"0":{"name":"(anonymous_0)","decl":{"start":{"line":5,"column":14},"end":{"line":5,"column":15}},"loc":{"start":{"line":5,"column":34},"end":{"line":23,"column":1}},"line":5},"1":{"name":"(anonymous_1)","decl":{"start":{"line":6,"column":51},"end":{"line":6,"column":52}},"loc":{"start":{"line":6,"column":66},"end":{"line":22,"column":3}},"line":6}},"branchMap":{"0":{"loc":{"start":{"line":8,"column":4},"end":{"line":10,"column":5}},"type":"if","locations":[{"start":{"line":8,"column":4},"end":{"line":10,"column":5}},{"start":{"line":8,"column":4},"end":{"line":10,"column":5}}],"line":8},"1":{"loc":{"start":{"line":11,"column":4},"end":{"line":17,"column":5}},"type":"if","locations":[{"start":{"line":11,"column":4},"end":{"line":17,"column":5}},{"start":{"line":11,"column":4},"end":{"line":17,"column":5}}],"line":11},"2":{"loc":{"start":{"line":11,"column":8},"end":{"line":11,"column":44}},"type":"binary-expr","locations":[{"start":{"line":11,"column":8},"end":{"line":11,"column":13}},{"start":{"line":11,"column":17},"end":{"line":11,"column":20}},{"start":{"line":11,"column":24},"end":{"line":11,"column":44}}],"line":11}},"s":{"0":2,"1":2,"2":2,"3":2,"4":19,"5":19,"6":19,"7":19,"8":19,"9":2,"10":17,"11":17,"12":2},"f":{"0":19,"1":19},"b":{"0":[19,0],"1":[2,17],"2":[19,18,18]},"_coverageSchema":"1a1c01bbd47fc00a2c39e90264f33305004495a9","hash":"2b6619856676877e402e22fea95bc97068173415"}
,"D:\\Prog\\GitHub\\Node\\nodejs-rest-api\\helper\\subscription.js": {"path":"D:\\Prog\\GitHub\\Node\\nodejs-rest-api\\helper\\subscription.js","statementMap":{"0":{"start":{"line":1,"column":21},"end":{"line":1,"column":43}},"1":{"start":{"line":3,"column":21},"end":{"line":13,"column":1}},"2":{"start":{"line":3,"column":39},"end":{"line":13,"column":1}},"3":{"start":{"line":4,"column":27},"end":{"line":4,"column":48}},"4":{"start":{"line":5,"column":2},"end":{"line":11,"column":3}},"5":{"start":{"line":6,"column":4},"end":{"line":10,"column":7}},"6":{"start":{"line":12,"column":2},"end":{"line":12,"column":16}},"7":{"start":{"line":15,"column":0},"end":{"line":15,"column":30}}},"fnMap":{"0":{"name":"(anonymous_0)","decl":{"start":{"line":3,"column":21},"end":{"line":3,"column":22}},"loc":{"start":{"line":3,"column":39},"end":{"line":13,"column":1}},"line":3},"1":{"name":"(anonymous_1)","decl":{"start":{"line":3,"column":39},"end":{"line":3,"column":40}},"loc":{"start":{"line":3,"column":59},"end":{"line":13,"column":1}},"line":3}},"branchMap":{"0":{"loc":{"start":{"line":5,"column":2},"end":{"line":11,"column":3}},"type":"if","locations":[{"start":{"line":5,"column":2},"end":{"line":11,"column":3}},{"start":{"line":5,"column":2},"end":{"line":11,"column":3}}],"line":5}},"s":{"0":2,"1":2,"2":4,"3":2,"4":2,"5":1,"6":1,"7":2},"f":{"0":4,"1":2},"b":{"0":[1,1]},"_coverageSchema":"1a1c01bbd47fc00a2c39e90264f33305004495a9","hash":"376256c80a21cfd6aee0359867c3cea979244554"}
,"D:\\Prog\\GitHub\\Node\\nodejs-rest-api\\helper\\upload-avatar.js": {"path":"D:\\Prog\\GitHub\\Node\\nodejs-rest-api\\helper\\upload-avatar.js","statementMap":{"0":{"start":{"line":1,"column":15},"end":{"line":1,"column":32}},"1":{"start":{"line":2,"column":13},"end":{"line":2,"column":28}},"2":{"start":{"line":3,"column":0},"end":{"line":3,"column":27}},"3":{"start":{"line":4,"column":19},"end":{"line":4,"column":67}},"4":{"start":{"line":6,"column":16},"end":{"line":13,"column":2}},"5":{"start":{"line":8,"column":4},"end":{"line":8,"column":25}},"6":{"start":{"line":11,"column":4},"end":{"line":11,"column":32}},"7":{"start":{"line":15,"column":15},"end":{"line":34,"column":2}},"8":{"start":{"line":21,"column":4},"end":{"line":26,"column":5}},"9":{"start":{"line":23,"column":6},"end":{"line":23,"column":33}},"10":{"start":{"line":24,"column":6},"end":{"line":24,"column":22}},"11":{"start":{"line":25,"column":6},"end":{"line":25,"column":13}},"12":{"start":{"line":27,"column":4},"end":{"line":27,"column":30}},"13":{"start":{"line":29,"column":4},"end":{"line":29,"column":19}},"14":{"start":{"line":36,"column":0},"end":{"line":36,"column":24}}},"fnMap":{"0":{"name":"(anonymous_0)","decl":{"start":{"line":7,"column":15},"end":{"line":7,"column":16}},"loc":{"start":{"line":7,"column":40},"end":{"line":9,"column":3}},"line":7},"1":{"name":"(anonymous_1)","decl":{"start":{"line":10,"column":12},"end":{"line":10,"column":13}},"loc":{"start":{"line":10,"column":37},"end":{"line":12,"column":3}},"line":10},"2":{"name":"(anonymous_2)","decl":{"start":{"line":18,"column":14},"end":{"line":18,"column":15}},"loc":{"start":{"line":18,"column":33},"end":{"line":33,"column":3}},"line":18}},"branchMap":{"0":{"loc":{"start":{"line":21,"column":4},"end":{"line":26,"column":5}},"type":"if","locations":[{"start":{"line":21,"column":4},"end":{"line":26,"column":5}},{"start":{"line":21,"column":4},"end":{"line":26,"column":5}}],"line":21}},"s":{"0":1,"1":1,"2":1,"3":1,"4":1,"5":0,"6":0,"7":1,"8":0,"9":0,"10":0,"11":0,"12":0,"13":0,"14":1},"f":{"0":0,"1":0,"2":0},"b":{"0":[0,0]},"_coverageSchema":"1a1c01bbd47fc00a2c39e90264f33305004495a9","hash":"de398ace03b5978dca675d9e07c829818f695df4"}
,"D:\\Prog\\GitHub\\Node\\nodejs-rest-api\\model\\users.js": {"path":"D:\\Prog\\GitHub\\Node\\nodejs-rest-api\\model\\users.js","statementMap":{"0":{"start":{"line":1,"column":13},"end":{"line":1,"column":44}},"1":{"start":{"line":3,"column":17},"end":{"line":5,"column":1}},"2":{"start":{"line":4,"column":2},"end":{"line":4,"column":33}},"3":{"start":{"line":7,"column":20},"end":{"line":9,"column":1}},"4":{"start":{"line":8,"column":2},"end":{"line":8,"column":39}},"5":{"start":{"line":11,"column":15},"end":{"line":14,"column":1}},"6":{"start":{"line":12,"column":15},"end":{"line":12,"column":36}},"7":{"start":{"line":13,"column":2},"end":{"line":13,"column":27}},"8":{"start":{"line":16,"column":20},"end":{"line":18,"column":1}},"9":{"start":{"line":17,"column":2},"end":{"line":17,"column":53}},"10":{"start":{"line":20,"column":24},"end":{"line":22,"column":1}},"11":{"start":{"line":21,"column":2},"end":{"line":21,"column":60}},"12":{"start":{"line":23,"column":21},"end":{"line":28,"column":1}},"13":{"start":{"line":24,"column":2},"end":{"line":27,"column":5}},"14":{"start":{"line":30,"column":0},"end":{"line":37,"column":2}}},"fnMap":{"0":{"name":"(anonymous_0)","decl":{"start":{"line":3,"column":17},"end":{"line":3,"column":18}},"loc":{"start":{"line":3,"column":31},"end":{"line":5,"column":1}},"line":3},"1":{"name":"(anonymous_1)","decl":{"start":{"line":7,"column":20},"end":{"line":7,"column":21}},"loc":{"start":{"line":7,"column":37},"end":{"line":9,"column":1}},"line":7},"2":{"name":"(anonymous_2)","decl":{"start":{"line":11,"column":15},"end":{"line":11,"column":16}},"loc":{"start":{"line":11,"column":38},"end":{"line":14,"column":1}},"line":11},"3":{"name":"(anonymous_3)","decl":{"start":{"line":16,"column":20},"end":{"line":16,"column":21}},"loc":{"start":{"line":16,"column":41},"end":{"line":18,"column":1}},"line":16},"4":{"name":"(anonymous_4)","decl":{"start":{"line":20,"column":24},"end":{"line":20,"column":25}},"loc":{"start":{"line":20,"column":52},"end":{"line":22,"column":1}},"line":20},"5":{"name":"(anonymous_5)","decl":{"start":{"line":23,"column":21},"end":{"line":23,"column":22}},"loc":{"start":{"line":23,"column":65},"end":{"line":28,"column":1}},"line":23}},"branchMap":{"0":{"loc":{"start":{"line":23,"column":40},"end":{"line":23,"column":60}},"type":"default-arg","locations":[{"start":{"line":23,"column":56},"end":{"line":23,"column":60}}],"line":23}},"s":{"0":1,"1":1,"2":0,"3":1,"4":0,"5":1,"6":0,"7":0,"8":1,"9":0,"10":1,"11":0,"12":1,"13":0,"14":1},"f":{"0":0,"1":0,"2":0,"3":0,"4":0,"5":0},"b":{"0":[0]},"_coverageSchema":"1a1c01bbd47fc00a2c39e90264f33305004495a9","hash":"c5732c59ffb0f88e38f65b4902ffff9cb336af9b"}
,"D:\\Prog\\GitHub\\Node\\nodejs-rest-api\\model\\schemas\\userSchema.js": {"path":"D:\\Prog\\GitHub\\Node\\nodejs-rest-api\\model\\schemas\\userSchema.js","statementMap":{"0":{"start":{"line":1,"column":17},"end":{"line":1,"column":36}},"1":{"start":{"line":2,"column":26},"end":{"line":2,"column":34}},"2":{"start":{"line":3,"column":17},"end":{"line":3,"column":36}},"3":{"start":{"line":4,"column":25},"end":{"line":4,"column":58}},"4":{"start":{"line":5,"column":15},"end":{"line":5,"column":34}},"5":{"start":{"line":6,"column":20},"end":{"line":6,"column":21}},"6":{"start":{"line":8,"column":19},"end":{"line":47,"column":1}},"7":{"start":{"line":19,"column":19},"end":{"line":19,"column":33}},"8":{"start":{"line":20,"column":8},"end":{"line":20,"column":52}},"9":{"start":{"line":38,"column":8},"end":{"line":38,"column":60}},"10":{"start":{"line":50,"column":0},"end":{"line":56,"column":3}},"11":{"start":{"line":51,"column":2},"end":{"line":54,"column":3}},"12":{"start":{"line":52,"column":17},"end":{"line":52,"column":50}},"13":{"start":{"line":53,"column":4},"end":{"line":53,"column":59}},"14":{"start":{"line":55,"column":2},"end":{"line":55,"column":9}},"15":{"start":{"line":58,"column":0},"end":{"line":60,"column":2}},"16":{"start":{"line":59,"column":2},"end":{"line":59,"column":63}},"17":{"start":{"line":61,"column":19},"end":{"line":61,"column":44}},"18":{"start":{"line":63,"column":0},"end":{"line":63,"column":28}}},"fnMap":{"0":{"name":"(anonymous_0)","decl":{"start":{"line":18,"column":6},"end":{"line":18,"column":7}},"loc":{"start":{"line":18,"column":22},"end":{"line":21,"column":7}},"line":18},"1":{"name":"(anonymous_1)","decl":{"start":{"line":37,"column":15},"end":{"line":37,"column":16}},"loc":{"start":{"line":37,"column":27},"end":{"line":39,"column":7}},"line":37},"2":{"name":"(anonymous_2)","decl":{"start":{"line":50,"column":23},"end":{"line":50,"column":24}},"loc":{"start":{"line":50,"column":45},"end":{"line":56,"column":1}},"line":50},"3":{"name":"(anonymous_3)","decl":{"start":{"line":58,"column":35},"end":{"line":58,"column":36}},"loc":{"start":{"line":58,"column":61},"end":{"line":60,"column":1}},"line":58}},"branchMap":{"0":{"loc":{"start":{"line":51,"column":2},"end":{"line":54,"column":3}},"type":"if","locations":[{"start":{"line":51,"column":2},"end":{"line":54,"column":3}},{"start":{"line":51,"column":2},"end":{"line":54,"column":3}}],"line":51}},"s":{"0":1,"1":1,"2":1,"3":1,"4":1,"5":1,"6":1,"7":0,"8":0,"9":0,"10":1,"11":0,"12":0,"13":0,"14":0,"15":1,"16":0,"17":1,"18":1},"f":{"0":0,"1":0,"2":0,"3":0},"b":{"0":[0,0]},"_coverageSchema":"1a1c01bbd47fc00a2c39e90264f33305004495a9","hash":"280fcd117475a3af0525fb50df196c2e4243587b"}
,"D:\\Prog\\GitHub\\Node\\nodejs-rest-api\\routes\\contacts\\index.js": {"path":"D:\\Prog\\GitHub\\Node\\nodejs-rest-api\\routes\\contacts\\index.js","statementMap":{"0":{"start":{"line":1,"column":16},"end":{"line":1,"column":34}},"1":{"start":{"line":2,"column":15},"end":{"line":2,"column":31}},"2":{"start":{"line":3,"column":13},"end":{"line":3,"column":50}},"3":{"start":{"line":4,"column":24},"end":{"line":4,"column":59}},"4":{"start":{"line":5,"column":14},"end":{"line":5,"column":43}},"5":{"start":{"line":13,"column":0},"end":{"line":13,"column":76}},"6":{"start":{"line":23,"column":0},"end":{"line":28,"column":2}},"7":{"start":{"line":38,"column":0},"end":{"line":38,"column":78}},"8":{"start":{"line":48,"column":0},"end":{"line":53,"column":2}},"9":{"start":{"line":63,"column":0},"end":{"line":68,"column":2}},"10":{"start":{"line":78,"column":0},"end":{"line":83,"column":2}},"11":{"start":{"line":85,"column":0},"end":{"line":85,"column":24}}},"fnMap":{},"branchMap":{},"s":{"0":1,"1":1,"2":1,"3":1,"4":1,"5":1,"6":1,"7":1,"8":1,"9":1,"10":1,"11":1},"f":{},"b":{},"_coverageSchema":"1a1c01bbd47fc00a2c39e90264f33305004495a9","hash":"d027df78e83b9df207fa1b2eefeea2a610e7334b"}
,"D:\\Prog\\GitHub\\Node\\nodejs-rest-api\\routes\\contacts\\valid-contact-route.js": {"path":"D:\\Prog\\GitHub\\Node\\nodejs-rest-api\\routes\\contacts\\valid-contact-route.js","statementMap":{"0":{"start":{"line":1,"column":12},"end":{"line":1,"column":26}},"1":{"start":{"line":2,"column":17},"end":{"line":2,"column":36}},"2":{"start":{"line":4,"column":28},"end":{"line":12,"column":2}},"3":{"start":{"line":14,"column":28},"end":{"line":24,"column":31}},"4":{"start":{"line":26,"column":29},"end":{"line":28,"column":2}},"5":{"start":{"line":30,"column":27},"end":{"line":37,"column":34}},"6":{"start":{"line":39,"column":17},"end":{"line":47,"column":1}},"7":{"start":{"line":40,"column":2},"end":{"line":46,"column":3}},"8":{"start":{"line":41,"column":4},"end":{"line":41,"column":36}},"9":{"start":{"line":42,"column":4},"end":{"line":42,"column":18}},"10":{"start":{"line":44,"column":4},"end":{"line":44,"column":21}},"11":{"start":{"line":45,"column":4},"end":{"line":45,"column":67}},"12":{"start":{"line":49,"column":0},"end":{"line":68,"column":2}},"13":{"start":{"line":51,"column":4},"end":{"line":51,"column":63}},"14":{"start":{"line":54,"column":4},"end":{"line":54,"column":63}},"15":{"start":{"line":57,"column":4},"end":{"line":57,"column":64}},"16":{"start":{"line":60,"column":4},"end":{"line":60,"column":63}},"17":{"start":{"line":63,"column":4},"end":{"line":65,"column":5}},"18":{"start":{"line":64,"column":6},"end":{"line":64,"column":65}},"19":{"start":{"line":66,"column":4},"end":{"line":66,"column":11}}},"fnMap":{"0":{"name":"(anonymous_0)","decl":{"start":{"line":39,"column":17},"end":{"line":39,"column":18}},"loc":{"start":{"line":39,"column":46},"end":{"line":47,"column":1}},"line":39},"1":{"name":"(anonymous_1)","decl":{"start":{"line":50,"column":27},"end":{"line":50,"column":28}},"loc":{"start":{"line":50,"column":53},"end":{"line":52,"column":3}},"line":50},"2":{"name":"(anonymous_2)","decl":{"start":{"line":53,"column":27},"end":{"line":53,"column":28}},"loc":{"start":{"line":53,"column":53},"end":{"line":55,"column":3}},"line":53},"3":{"name":"(anonymous_3)","decl":{"start":{"line":56,"column":28},"end":{"line":56,"column":29}},"loc":{"start":{"line":56,"column":54},"end":{"line":58,"column":3}},"line":56},"4":{"name":"(anonymous_4)","decl":{"start":{"line":59,"column":26},"end":{"line":59,"column":27}},"loc":{"start":{"line":59,"column":52},"end":{"line":61,"column":3}},"line":59},"5":{"name":"(anonymous_5)","decl":{"start":{"line":62,"column":22},"end":{"line":62,"column":23}},"loc":{"start":{"line":62,"column":48},"end":{"line":67,"column":3}},"line":62}},"branchMap":{"0":{"loc":{"start":{"line":63,"column":4},"end":{"line":65,"column":5}},"type":"if","locations":[{"start":{"line":63,"column":4},"end":{"line":65,"column":5}},{"start":{"line":63,"column":4},"end":{"line":65,"column":5}}],"line":63}},"s":{"0":1,"1":1,"2":1,"3":1,"4":1,"5":1,"6":1,"7":10,"8":10,"9":6,"10":4,"11":4,"12":1,"13":3,"14":3,"15":3,"16":1,"17":6,"18":2,"19":4},"f":{"0":10,"1":3,"2":3,"3":3,"4":1,"5":6},"b":{"0":[2,4]},"_coverageSchema":"1a1c01bbd47fc00a2c39e90264f33305004495a9","hash":"ccd31c9017dee3ceba651bc1bd168b5bdd389208"}
,"D:\\Prog\\GitHub\\Node\\nodejs-rest-api\\routes\\users\\index.js": {"path":"D:\\Prog\\GitHub\\Node\\nodejs-rest-api\\routes\\users\\index.js","statementMap":{"0":{"start":{"line":1,"column":16},"end":{"line":1,"column":34}},"1":{"start":{"line":2,"column":15},"end":{"line":2,"column":31}},"2":{"start":{"line":3,"column":13},"end":{"line":3,"column":47}},"3":{"start":{"line":4,"column":14},"end":{"line":4,"column":43}},"4":{"start":{"line":5,"column":28},"end":{"line":5,"column":57}},"5":{"start":{"line":6,"column":21},"end":{"line":6,"column":57}},"6":{"start":{"line":7,"column":25},"end":{"line":7,"column":58}},"7":{"start":{"line":8,"column":18},"end":{"line":8,"column":47}},"8":{"start":{"line":9,"column":21},"end":{"line":9,"column":58}},"9":{"start":{"line":11,"column":24},"end":{"line":21,"column":2}},"10":{"start":{"line":15,"column":4},"end":{"line":19,"column":7}},"11":{"start":{"line":24,"column":0},"end":{"line":29,"column":2}},"12":{"start":{"line":32,"column":0},"end":{"line":32,"column":52}},"13":{"start":{"line":33,"column":0},"end":{"line":33,"column":34}},"14":{"start":{"line":34,"column":0},"end":{"line":34,"column":43}},"15":{"start":{"line":37,"column":0},"end":{"line":37,"column":44}},"16":{"start":{"line":40,"column":0},"end":{"line":40,"column":72}},"17":{"start":{"line":41,"column":0},"end":{"line":46,"column":2}},"18":{"start":{"line":49,"column":0},"end":{"line":54,"column":2}},"19":{"start":{"line":56,"column":0},"end":{"line":56,"column":24}}},"fnMap":{"0":{"name":"(anonymous_0)","decl":{"start":{"line":14,"column":11},"end":{"line":14,"column":12}},"loc":{"start":{"line":14,"column":31},"end":{"line":20,"column":3}},"line":14}},"branchMap":{},"s":{"0":1,"1":1,"2":1,"3":1,"4":1,"5":1,"6":1,"7":1,"8":1,"9":1,"10":0,"11":1,"12":1,"13":1,"14":1,"15":1,"16":1,"17":1,"18":1,"19":1},"f":{"0":0},"b":{},"_coverageSchema":"1a1c01bbd47fc00a2c39e90264f33305004495a9","hash":"cb3b25fe658aa25b5151a4f4ceeaa788c3463ff9"}
,"D:\\Prog\\GitHub\\Node\\nodejs-rest-api\\routes\\users\\valid-user-route.js": {"path":"D:\\Prog\\GitHub\\Node\\nodejs-rest-api\\routes\\users\\valid-user-route.js","statementMap":{"0":{"start":{"line":1,"column":12},"end":{"line":1,"column":26}},"1":{"start":{"line":2,"column":25},"end":{"line":2,"column":58}},"2":{"start":{"line":4,"column":33},"end":{"line":8,"column":2}},"3":{"start":{"line":10,"column":17},"end":{"line":18,"column":1}},"4":{"start":{"line":11,"column":2},"end":{"line":17,"column":3}},"5":{"start":{"line":12,"column":4},"end":{"line":12,"column":36}},"6":{"start":{"line":13,"column":4},"end":{"line":13,"column":18}},"7":{"start":{"line":15,"column":4},"end":{"line":15,"column":21}},"8":{"start":{"line":16,"column":4},"end":{"line":16,"column":67}},"9":{"start":{"line":20,"column":0},"end":{"line":24,"column":2}},"10":{"start":{"line":22,"column":4},"end":{"line":22,"column":68}}},"fnMap":{"0":{"name":"(anonymous_0)","decl":{"start":{"line":10,"column":17},"end":{"line":10,"column":18}},"loc":{"start":{"line":10,"column":46},"end":{"line":18,"column":1}},"line":10},"1":{"name":"(anonymous_1)","decl":{"start":{"line":21,"column":32},"end":{"line":21,"column":33}},"loc":{"start":{"line":21,"column":58},"end":{"line":23,"column":3}},"line":21}},"branchMap":{},"s":{"0":1,"1":1,"2":1,"3":1,"4":0,"5":0,"6":0,"7":0,"8":0,"9":1,"10":0},"f":{"0":0,"1":0},"b":{},"_coverageSchema":"1a1c01bbd47fc00a2c39e90264f33305004495a9","hash":"5ce0da5ffa3a00260be6bc5a285583ea7954370e"}
}
